CRITICAL - 2023-10-15 02:49:33 --> Invalid file: "frontend/admin/order/order-settings.php"
in SYSTEMPATH/Exceptions/FrameworkException.php on line 39.
 1 SYSTEMPATH/View/View.php(214): CodeIgniter\Exceptions\FrameworkException::forInvalidFile()
 2 SYSTEMPATH/Common.php(1188): CodeIgniter\View\View->render()
 3 APPPATH/Controllers/UIAdminController.php(20): view()
 4 SYSTEMPATH/CodeIgniter.php(919): App\Controllers\UIAdminController->ui_order_settings()
 5 SYSTEMPATH/CodeIgniter.php(494): CodeIgniter\CodeIgniter->runController()
 6 SYSTEMPATH/CodeIgniter.php(353): CodeIgniter\CodeIgniter->handleRequest()
 7 FCPATH/index.php(79): CodeIgniter\CodeIgniter->run()
 8 SYSTEMPATH/Commands/Server/rewrite.php(47): require_once('/home/emortal/Documents/projects/ci4/mms/public/index.php')
CRITICAL - 2023-10-15 02:49:56 --> Invalid file: "frontend/admin/order/order_settings.php"
in SYSTEMPATH/Exceptions/FrameworkException.php on line 39.
 1 SYSTEMPATH/View/View.php(214): CodeIgniter\Exceptions\FrameworkException::forInvalidFile()
 2 SYSTEMPATH/Common.php(1188): CodeIgniter\View\View->render()
 3 APPPATH/Controllers/UIAdminController.php(20): view()
 4 SYSTEMPATH/CodeIgniter.php(919): App\Controllers\UIAdminController->ui_order_settings()
 5 SYSTEMPATH/CodeIgniter.php(494): CodeIgniter\CodeIgniter->runController()
 6 SYSTEMPATH/CodeIgniter.php(353): CodeIgniter\CodeIgniter->handleRequest()
 7 FCPATH/index.php(79): CodeIgniter\CodeIgniter->run()
 8 SYSTEMPATH/Commands/Server/rewrite.php(47): require_once('/home/emortal/Documents/projects/ci4/mms/public/index.php')
CRITICAL - 2023-10-15 02:49:57 --> Invalid file: "frontend/admin/order/order_settings.php"
in SYSTEMPATH/Exceptions/FrameworkException.php on line 39.
 1 SYSTEMPATH/View/View.php(214): CodeIgniter\Exceptions\FrameworkException::forInvalidFile()
 2 SYSTEMPATH/Common.php(1188): CodeIgniter\View\View->render()
 3 APPPATH/Controllers/UIAdminController.php(20): view()
 4 SYSTEMPATH/CodeIgniter.php(919): App\Controllers\UIAdminController->ui_order_settings()
 5 SYSTEMPATH/CodeIgniter.php(494): CodeIgniter\CodeIgniter->runController()
 6 SYSTEMPATH/CodeIgniter.php(353): CodeIgniter\CodeIgniter->handleRequest()
 7 FCPATH/index.php(79): CodeIgniter\CodeIgniter->run()
 8 SYSTEMPATH/Commands/Server/rewrite.php(47): require_once('/home/emortal/Documents/projects/ci4/mms/public/index.php')
CRITICAL - 2023-10-15 02:49:57 --> Invalid file: "frontend/admin/order/order_settings.php"
in SYSTEMPATH/Exceptions/FrameworkException.php on line 39.
 1 SYSTEMPATH/View/View.php(214): CodeIgniter\Exceptions\FrameworkException::forInvalidFile()
 2 SYSTEMPATH/Common.php(1188): CodeIgniter\View\View->render()
 3 APPPATH/Controllers/UIAdminController.php(20): view()
 4 SYSTEMPATH/CodeIgniter.php(919): App\Controllers\UIAdminController->ui_order_settings()
 5 SYSTEMPATH/CodeIgniter.php(494): CodeIgniter\CodeIgniter->runController()
 6 SYSTEMPATH/CodeIgniter.php(353): CodeIgniter\CodeIgniter->handleRequest()
 7 FCPATH/index.php(79): CodeIgniter\CodeIgniter->run()
 8 SYSTEMPATH/Commands/Server/rewrite.php(47): require_once('/home/emortal/Documents/projects/ci4/mms/public/index.php')
CRITICAL - 2023-10-15 02:50:08 --> Invalid file: "frontend/admin/product/modals/edit_order.php"
in SYSTEMPATH/Exceptions/FrameworkException.php on line 39.
 1 SYSTEMPATH/View/View.php(214): CodeIgniter\Exceptions\FrameworkException::forInvalidFile()
 2 SYSTEMPATH/View/View.php(467): CodeIgniter\View\View->render()
 3 APPPATH/Views/frontend/admin/orders/order_settings.php(223): CodeIgniter\View\View->include()
 4 SYSTEMPATH/View/View.php(226): include('/home/emortal/Documents/projects/ci4/mms/app/Views/frontend/admin/orders/order_settings.php')
 5 SYSTEMPATH/View/View.php(229): CodeIgniter\View\View->CodeIgniter\View\{closure}()
 6 SYSTEMPATH/Common.php(1188): CodeIgniter\View\View->render()
 7 APPPATH/Controllers/UIAdminController.php(20): view()
 8 SYSTEMPATH/CodeIgniter.php(919): App\Controllers\UIAdminController->ui_order_settings()
 9 SYSTEMPATH/CodeIgniter.php(494): CodeIgniter\CodeIgniter->runController()
10 SYSTEMPATH/CodeIgniter.php(353): CodeIgniter\CodeIgniter->handleRequest()
11 FCPATH/index.php(79): CodeIgniter\CodeIgniter->run()
12 SYSTEMPATH/Commands/Server/rewrite.php(47): require_once('/home/emortal/Documents/projects/ci4/mms/public/index.php')
CRITICAL - 2023-10-15 02:51:23 --> Invalid file: "frontend/admin/product/modals/edit_order.php"
in SYSTEMPATH/Exceptions/FrameworkException.php on line 39.
 1 SYSTEMPATH/View/View.php(214): CodeIgniter\Exceptions\FrameworkException::forInvalidFile()
 2 SYSTEMPATH/View/View.php(467): CodeIgniter\View\View->render()
 3 APPPATH/Views/frontend/admin/orders/order_settings.php(223): CodeIgniter\View\View->include()
 4 SYSTEMPATH/View/View.php(226): include('/home/emortal/Documents/projects/ci4/mms/app/Views/frontend/admin/orders/order_settings.php')
 5 SYSTEMPATH/View/View.php(229): CodeIgniter\View\View->CodeIgniter\View\{closure}()
 6 SYSTEMPATH/Common.php(1188): CodeIgniter\View\View->render()
 7 APPPATH/Controllers/UIAdminController.php(20): view()
 8 SYSTEMPATH/CodeIgniter.php(919): App\Controllers\UIAdminController->ui_order_settings()
 9 SYSTEMPATH/CodeIgniter.php(494): CodeIgniter\CodeIgniter->runController()
10 SYSTEMPATH/CodeIgniter.php(353): CodeIgniter\CodeIgniter->handleRequest()
11 FCPATH/index.php(79): CodeIgniter\CodeIgniter->run()
12 SYSTEMPATH/Commands/Server/rewrite.php(47): require_once('/home/emortal/Documents/projects/ci4/mms/public/index.php')
CRITICAL - 2023-10-15 02:51:23 --> Invalid file: "frontend/admin/product/modals/edit_order.php"
in SYSTEMPATH/Exceptions/FrameworkException.php on line 39.
 1 SYSTEMPATH/View/View.php(214): CodeIgniter\Exceptions\FrameworkException::forInvalidFile()
 2 SYSTEMPATH/View/View.php(467): CodeIgniter\View\View->render()
 3 APPPATH/Views/frontend/admin/orders/order_settings.php(223): CodeIgniter\View\View->include()
 4 SYSTEMPATH/View/View.php(226): include('/home/emortal/Documents/projects/ci4/mms/app/Views/frontend/admin/orders/order_settings.php')
 5 SYSTEMPATH/View/View.php(229): CodeIgniter\View\View->CodeIgniter\View\{closure}()
 6 SYSTEMPATH/Common.php(1188): CodeIgniter\View\View->render()
 7 APPPATH/Controllers/UIAdminController.php(20): view()
 8 SYSTEMPATH/CodeIgniter.php(919): App\Controllers\UIAdminController->ui_order_settings()
 9 SYSTEMPATH/CodeIgniter.php(494): CodeIgniter\CodeIgniter->runController()
10 SYSTEMPATH/CodeIgniter.php(353): CodeIgniter\CodeIgniter->handleRequest()
11 FCPATH/index.php(79): CodeIgniter\CodeIgniter->run()
12 SYSTEMPATH/Commands/Server/rewrite.php(47): require_once('/home/emortal/Documents/projects/ci4/mms/public/index.php')
CRITICAL - 2023-10-15 02:51:24 --> Invalid file: "frontend/admin/product/modals/edit_order.php"
in SYSTEMPATH/Exceptions/FrameworkException.php on line 39.
 1 SYSTEMPATH/View/View.php(214): CodeIgniter\Exceptions\FrameworkException::forInvalidFile()
 2 SYSTEMPATH/View/View.php(467): CodeIgniter\View\View->render()
 3 APPPATH/Views/frontend/admin/orders/order_settings.php(223): CodeIgniter\View\View->include()
 4 SYSTEMPATH/View/View.php(226): include('/home/emortal/Documents/projects/ci4/mms/app/Views/frontend/admin/orders/order_settings.php')
 5 SYSTEMPATH/View/View.php(229): CodeIgniter\View\View->CodeIgniter\View\{closure}()
 6 SYSTEMPATH/Common.php(1188): CodeIgniter\View\View->render()
 7 APPPATH/Controllers/UIAdminController.php(20): view()
 8 SYSTEMPATH/CodeIgniter.php(919): App\Controllers\UIAdminController->ui_order_settings()
 9 SYSTEMPATH/CodeIgniter.php(494): CodeIgniter\CodeIgniter->runController()
10 SYSTEMPATH/CodeIgniter.php(353): CodeIgniter\CodeIgniter->handleRequest()
11 FCPATH/index.php(79): CodeIgniter\CodeIgniter->run()
12 SYSTEMPATH/Commands/Server/rewrite.php(47): require_once('/home/emortal/Documents/projects/ci4/mms/public/index.php')
CRITICAL - 2023-10-15 02:51:24 --> Invalid file: "frontend/admin/product/modals/edit_order.php"
in SYSTEMPATH/Exceptions/FrameworkException.php on line 39.
 1 SYSTEMPATH/View/View.php(214): CodeIgniter\Exceptions\FrameworkException::forInvalidFile()
 2 SYSTEMPATH/View/View.php(467): CodeIgniter\View\View->render()
 3 APPPATH/Views/frontend/admin/orders/order_settings.php(223): CodeIgniter\View\View->include()
 4 SYSTEMPATH/View/View.php(226): include('/home/emortal/Documents/projects/ci4/mms/app/Views/frontend/admin/orders/order_settings.php')
 5 SYSTEMPATH/View/View.php(229): CodeIgniter\View\View->CodeIgniter\View\{closure}()
 6 SYSTEMPATH/Common.php(1188): CodeIgniter\View\View->render()
 7 APPPATH/Controllers/UIAdminController.php(20): view()
 8 SYSTEMPATH/CodeIgniter.php(919): App\Controllers\UIAdminController->ui_order_settings()
 9 SYSTEMPATH/CodeIgniter.php(494): CodeIgniter\CodeIgniter->runController()
10 SYSTEMPATH/CodeIgniter.php(353): CodeIgniter\CodeIgniter->handleRequest()
11 FCPATH/index.php(79): CodeIgniter\CodeIgniter->run()
12 SYSTEMPATH/Commands/Server/rewrite.php(47): require_once('/home/emortal/Documents/projects/ci4/mms/public/index.php')
CRITICAL - 2023-10-15 02:51:24 --> Invalid file: "frontend/admin/product/modals/edit_order.php"
in SYSTEMPATH/Exceptions/FrameworkException.php on line 39.
 1 SYSTEMPATH/View/View.php(214): CodeIgniter\Exceptions\FrameworkException::forInvalidFile()
 2 SYSTEMPATH/View/View.php(467): CodeIgniter\View\View->render()
 3 APPPATH/Views/frontend/admin/orders/order_settings.php(223): CodeIgniter\View\View->include()
 4 SYSTEMPATH/View/View.php(226): include('/home/emortal/Documents/projects/ci4/mms/app/Views/frontend/admin/orders/order_settings.php')
 5 SYSTEMPATH/View/View.php(229): CodeIgniter\View\View->CodeIgniter\View\{closure}()
 6 SYSTEMPATH/Common.php(1188): CodeIgniter\View\View->render()
 7 APPPATH/Controllers/UIAdminController.php(20): view()
 8 SYSTEMPATH/CodeIgniter.php(919): App\Controllers\UIAdminController->ui_order_settings()
 9 SYSTEMPATH/CodeIgniter.php(494): CodeIgniter\CodeIgniter->runController()
10 SYSTEMPATH/CodeIgniter.php(353): CodeIgniter\CodeIgniter->handleRequest()
11 FCPATH/index.php(79): CodeIgniter\CodeIgniter->run()
12 SYSTEMPATH/Commands/Server/rewrite.php(47): require_once('/home/emortal/Documents/projects/ci4/mms/public/index.php')
CRITICAL - 2023-10-15 02:51:24 --> Invalid file: "frontend/admin/product/modals/edit_order.php"
in SYSTEMPATH/Exceptions/FrameworkException.php on line 39.
 1 SYSTEMPATH/View/View.php(214): CodeIgniter\Exceptions\FrameworkException::forInvalidFile()
 2 SYSTEMPATH/View/View.php(467): CodeIgniter\View\View->render()
 3 APPPATH/Views/frontend/admin/orders/order_settings.php(223): CodeIgniter\View\View->include()
 4 SYSTEMPATH/View/View.php(226): include('/home/emortal/Documents/projects/ci4/mms/app/Views/frontend/admin/orders/order_settings.php')
 5 SYSTEMPATH/View/View.php(229): CodeIgniter\View\View->CodeIgniter\View\{closure}()
 6 SYSTEMPATH/Common.php(1188): CodeIgniter\View\View->render()
 7 APPPATH/Controllers/UIAdminController.php(20): view()
 8 SYSTEMPATH/CodeIgniter.php(919): App\Controllers\UIAdminController->ui_order_settings()
 9 SYSTEMPATH/CodeIgniter.php(494): CodeIgniter\CodeIgniter->runController()
10 SYSTEMPATH/CodeIgniter.php(353): CodeIgniter\CodeIgniter->handleRequest()
11 FCPATH/index.php(79): CodeIgniter\CodeIgniter->run()
12 SYSTEMPATH/Commands/Server/rewrite.php(47): require_once('/home/emortal/Documents/projects/ci4/mms/public/index.php')
