CRITICAL - 2023-10-19 00:43:21 --> Invalid file: "frontend/admin/product/modals/add_users.php"
in SYSTEMPATH/Exceptions/FrameworkException.php on line 39.
 1 SYSTEMPATH/View/View.php(214): CodeIgniter\Exceptions\FrameworkException::forInvalidFile()
 2 SYSTEMPATH/View/View.php(467): CodeIgniter\View\View->render()
 3 APPPATH/Views/frontend/admin/user/users.php(214): CodeIgniter\View\View->include()
 4 SYSTEMPATH/View/View.php(226): include('/home/emoshunal/Documents/mms/app/Views/frontend/admin/user/users.php')
 5 SYSTEMPATH/View/View.php(229): CodeIgniter\View\View->CodeIgniter\View\{closure}()
 6 SYSTEMPATH/Common.php(1188): CodeIgniter\View\View->render()
 7 APPPATH/Controllers/UIAdminController.php(29): view()
 8 SYSTEMPATH/CodeIgniter.php(919): App\Controllers\UIAdminController->ui_user_account()
 9 SYSTEMPATH/CodeIgniter.php(494): CodeIgniter\CodeIgniter->runController()
10 SYSTEMPATH/CodeIgniter.php(353): CodeIgniter\CodeIgniter->handleRequest()
11 FCPATH/index.php(79): CodeIgniter\CodeIgniter->run()
12 SYSTEMPATH/Commands/Server/rewrite.php(47): require_once('/home/emoshunal/Documents/mms/public/index.php')
CRITICAL - 2023-10-19 00:43:33 --> Invalid file: "frontend/admin/users/modals/add_users.php"
in SYSTEMPATH/Exceptions/FrameworkException.php on line 39.
 1 SYSTEMPATH/View/View.php(214): CodeIgniter\Exceptions\FrameworkException::forInvalidFile()
 2 SYSTEMPATH/View/View.php(467): CodeIgniter\View\View->render()
 3 APPPATH/Views/frontend/admin/user/users.php(214): CodeIgniter\View\View->include()
 4 SYSTEMPATH/View/View.php(226): include('/home/emoshunal/Documents/mms/app/Views/frontend/admin/user/users.php')
 5 SYSTEMPATH/View/View.php(229): CodeIgniter\View\View->CodeIgniter\View\{closure}()
 6 SYSTEMPATH/Common.php(1188): CodeIgniter\View\View->render()
 7 APPPATH/Controllers/UIAdminController.php(29): view()
 8 SYSTEMPATH/CodeIgniter.php(919): App\Controllers\UIAdminController->ui_user_account()
 9 SYSTEMPATH/CodeIgniter.php(494): CodeIgniter\CodeIgniter->runController()
10 SYSTEMPATH/CodeIgniter.php(353): CodeIgniter\CodeIgniter->handleRequest()
11 FCPATH/index.php(79): CodeIgniter\CodeIgniter->run()
12 SYSTEMPATH/Commands/Server/rewrite.php(47): require_once('/home/emoshunal/Documents/mms/public/index.php')
CRITICAL - 2023-10-19 06:19:29 --> Invalid file: "frontend/admin/users/modals/view_customer.php"
in SYSTEMPATH/Exceptions/FrameworkException.php on line 39.
 1 SYSTEMPATH/View/View.php(214): CodeIgniter\Exceptions\FrameworkException::forInvalidFile()
 2 SYSTEMPATH/View/View.php(467): CodeIgniter\View\View->render()
 3 APPPATH/Views/frontend/admin/user/customers.php(216): CodeIgniter\View\View->include()
 4 SYSTEMPATH/View/View.php(226): include('/home/emoshunal/Documents/mms/app/Views/frontend/admin/user/customers.php')
 5 SYSTEMPATH/View/View.php(229): CodeIgniter\View\View->CodeIgniter\View\{closure}()
 6 SYSTEMPATH/Common.php(1188): CodeIgniter\View\View->render()
 7 APPPATH/Controllers/UIAdminController.php(26): view()
 8 SYSTEMPATH/CodeIgniter.php(919): App\Controllers\UIAdminController->ui_customer_account()
 9 SYSTEMPATH/CodeIgniter.php(494): CodeIgniter\CodeIgniter->runController()
10 SYSTEMPATH/CodeIgniter.php(353): CodeIgniter\CodeIgniter->handleRequest()
11 FCPATH/index.php(79): CodeIgniter\CodeIgniter->run()
12 SYSTEMPATH/Commands/Server/rewrite.php(47): require_once('/home/emoshunal/Documents/mms/public/index.php')
CRITICAL - 2023-10-19 07:03:52 --> Invalid file: "frontend/admin/order/returns.php"
in SYSTEMPATH/Exceptions/FrameworkException.php on line 39.
 1 SYSTEMPATH/View/View.php(214): CodeIgniter\Exceptions\FrameworkException::forInvalidFile()
 2 SYSTEMPATH/Common.php(1188): CodeIgniter\View\View->render()
 3 APPPATH/Controllers/UIAdminController.php(38): view()
 4 SYSTEMPATH/CodeIgniter.php(919): App\Controllers\UIAdminController->ui_return()
 5 SYSTEMPATH/CodeIgniter.php(494): CodeIgniter\CodeIgniter->runController()
 6 SYSTEMPATH/CodeIgniter.php(353): CodeIgniter\CodeIgniter->handleRequest()
 7 FCPATH/index.php(79): CodeIgniter\CodeIgniter->run()
 8 SYSTEMPATH/Commands/Server/rewrite.php(47): require_once('/home/emoshunal/Documents/mms/public/index.php')
CRITICAL - 2023-10-19 07:14:57 --> Invalid file: "frontend/admin/product/modals/edit_orders.php"
in SYSTEMPATH/Exceptions/FrameworkException.php on line 39.
 1 SYSTEMPATH/View/View.php(214): CodeIgniter\Exceptions\FrameworkException::forInvalidFile()
 2 SYSTEMPATH/View/View.php(467): CodeIgniter\View\View->render()
 3 APPPATH/Views/frontend/admin/orders/order_settings.php(223): CodeIgniter\View\View->include()
 4 SYSTEMPATH/View/View.php(226): include('/home/emoshunal/Documents/mms/app/Views/frontend/admin/orders/order_settings.php')
 5 SYSTEMPATH/View/View.php(229): CodeIgniter\View\View->CodeIgniter\View\{closure}()
 6 SYSTEMPATH/Common.php(1188): CodeIgniter\View\View->render()
 7 APPPATH/Controllers/UIAdminController.php(20): view()
 8 SYSTEMPATH/CodeIgniter.php(919): App\Controllers\UIAdminController->ui_order_settings()
 9 SYSTEMPATH/CodeIgniter.php(494): CodeIgniter\CodeIgniter->runController()
10 SYSTEMPATH/CodeIgniter.php(353): CodeIgniter\CodeIgniter->handleRequest()
11 FCPATH/index.php(79): CodeIgniter\CodeIgniter->run()
12 SYSTEMPATH/Commands/Server/rewrite.php(47): require_once('/home/emoshunal/Documents/mms/public/index.php')
CRITICAL - 2023-10-19 07:15:12 --> Invalid file: "frontend/admin/product/modals/edit_orders.php"
in SYSTEMPATH/Exceptions/FrameworkException.php on line 39.
 1 SYSTEMPATH/View/View.php(214): CodeIgniter\Exceptions\FrameworkException::forInvalidFile()
 2 SYSTEMPATH/View/View.php(467): CodeIgniter\View\View->render()
 3 APPPATH/Views/frontend/admin/orders/order_settings.php(223): CodeIgniter\View\View->include()
 4 SYSTEMPATH/View/View.php(226): include('/home/emoshunal/Documents/mms/app/Views/frontend/admin/orders/order_settings.php')
 5 SYSTEMPATH/View/View.php(229): CodeIgniter\View\View->CodeIgniter\View\{closure}()
 6 SYSTEMPATH/Common.php(1188): CodeIgniter\View\View->render()
 7 APPPATH/Controllers/UIAdminController.php(20): view()
 8 SYSTEMPATH/CodeIgniter.php(919): App\Controllers\UIAdminController->ui_order_settings()
 9 SYSTEMPATH/CodeIgniter.php(494): CodeIgniter\CodeIgniter->runController()
10 SYSTEMPATH/CodeIgniter.php(353): CodeIgniter\CodeIgniter->handleRequest()
11 FCPATH/index.php(79): CodeIgniter\CodeIgniter->run()
12 SYSTEMPATH/Commands/Server/rewrite.php(47): require_once('/home/emoshunal/Documents/mms/public/index.php')
CRITICAL - 2023-10-19 07:15:12 --> Invalid file: "frontend/admin/product/modals/edit_orders.php"
in SYSTEMPATH/Exceptions/FrameworkException.php on line 39.
 1 SYSTEMPATH/View/View.php(214): CodeIgniter\Exceptions\FrameworkException::forInvalidFile()
 2 SYSTEMPATH/View/View.php(467): CodeIgniter\View\View->render()
 3 APPPATH/Views/frontend/admin/orders/order_settings.php(223): CodeIgniter\View\View->include()
 4 SYSTEMPATH/View/View.php(226): include('/home/emoshunal/Documents/mms/app/Views/frontend/admin/orders/order_settings.php')
 5 SYSTEMPATH/View/View.php(229): CodeIgniter\View\View->CodeIgniter\View\{closure}()
 6 SYSTEMPATH/Common.php(1188): CodeIgniter\View\View->render()
 7 APPPATH/Controllers/UIAdminController.php(20): view()
 8 SYSTEMPATH/CodeIgniter.php(919): App\Controllers\UIAdminController->ui_order_settings()
 9 SYSTEMPATH/CodeIgniter.php(494): CodeIgniter\CodeIgniter->runController()
10 SYSTEMPATH/CodeIgniter.php(353): CodeIgniter\CodeIgniter->handleRequest()
11 FCPATH/index.php(79): CodeIgniter\CodeIgniter->run()
12 SYSTEMPATH/Commands/Server/rewrite.php(47): require_once('/home/emoshunal/Documents/mms/public/index.php')
CRITICAL - 2023-10-19 07:15:12 --> Invalid file: "frontend/admin/product/modals/edit_orders.php"
in SYSTEMPATH/Exceptions/FrameworkException.php on line 39.
 1 SYSTEMPATH/View/View.php(214): CodeIgniter\Exceptions\FrameworkException::forInvalidFile()
 2 SYSTEMPATH/View/View.php(467): CodeIgniter\View\View->render()
 3 APPPATH/Views/frontend/admin/orders/order_settings.php(223): CodeIgniter\View\View->include()
 4 SYSTEMPATH/View/View.php(226): include('/home/emoshunal/Documents/mms/app/Views/frontend/admin/orders/order_settings.php')
 5 SYSTEMPATH/View/View.php(229): CodeIgniter\View\View->CodeIgniter\View\{closure}()
 6 SYSTEMPATH/Common.php(1188): CodeIgniter\View\View->render()
 7 APPPATH/Controllers/UIAdminController.php(20): view()
 8 SYSTEMPATH/CodeIgniter.php(919): App\Controllers\UIAdminController->ui_order_settings()
 9 SYSTEMPATH/CodeIgniter.php(494): CodeIgniter\CodeIgniter->runController()
10 SYSTEMPATH/CodeIgniter.php(353): CodeIgniter\CodeIgniter->handleRequest()
11 FCPATH/index.php(79): CodeIgniter\CodeIgniter->run()
12 SYSTEMPATH/Commands/Server/rewrite.php(47): require_once('/home/emoshunal/Documents/mms/public/index.php')
CRITICAL - 2023-10-19 07:15:17 --> Invalid file: "frontend/admin/product/modals/edit_orders.php"
in SYSTEMPATH/Exceptions/FrameworkException.php on line 39.
 1 SYSTEMPATH/View/View.php(214): CodeIgniter\Exceptions\FrameworkException::forInvalidFile()
 2 SYSTEMPATH/View/View.php(467): CodeIgniter\View\View->render()
 3 APPPATH/Views/frontend/admin/orders/order_settings.php(223): CodeIgniter\View\View->include()
 4 SYSTEMPATH/View/View.php(226): include('/home/emoshunal/Documents/mms/app/Views/frontend/admin/orders/order_settings.php')
 5 SYSTEMPATH/View/View.php(229): CodeIgniter\View\View->CodeIgniter\View\{closure}()
 6 SYSTEMPATH/Common.php(1188): CodeIgniter\View\View->render()
 7 APPPATH/Controllers/UIAdminController.php(20): view()
 8 SYSTEMPATH/CodeIgniter.php(919): App\Controllers\UIAdminController->ui_order_settings()
 9 SYSTEMPATH/CodeIgniter.php(494): CodeIgniter\CodeIgniter->runController()
10 SYSTEMPATH/CodeIgniter.php(353): CodeIgniter\CodeIgniter->handleRequest()
11 FCPATH/index.php(79): CodeIgniter\CodeIgniter->run()
12 SYSTEMPATH/Commands/Server/rewrite.php(47): require_once('/home/emoshunal/Documents/mms/public/index.php')
CRITICAL - 2023-10-19 07:15:55 --> Invalid file: "frontend/admin/product/modals/edit_orders.php"
in SYSTEMPATH/Exceptions/FrameworkException.php on line 39.
 1 SYSTEMPATH/View/View.php(214): CodeIgniter\Exceptions\FrameworkException::forInvalidFile()
 2 SYSTEMPATH/View/View.php(467): CodeIgniter\View\View->render()
 3 APPPATH/Views/frontend/admin/orders/order_view.php(217): CodeIgniter\View\View->include()
 4 SYSTEMPATH/View/View.php(226): include('/home/emoshunal/Documents/mms/app/Views/frontend/admin/orders/order_view.php')
 5 SYSTEMPATH/View/View.php(229): CodeIgniter\View\View->CodeIgniter\View\{closure}()
 6 SYSTEMPATH/Common.php(1188): CodeIgniter\View\View->render()
 7 APPPATH/Controllers/UIAdminController.php(23): view()
 8 SYSTEMPATH/CodeIgniter.php(919): App\Controllers\UIAdminController->ui_order_view()
 9 SYSTEMPATH/CodeIgniter.php(494): CodeIgniter\CodeIgniter->runController()
10 SYSTEMPATH/CodeIgniter.php(353): CodeIgniter\CodeIgniter->handleRequest()
11 FCPATH/index.php(79): CodeIgniter\CodeIgniter->run()
12 SYSTEMPATH/Commands/Server/rewrite.php(47): require_once('/home/emoshunal/Documents/mms/public/index.php')
CRITICAL - 2023-10-19 07:18:13 --> Invalid file: "frontend/admin/orders/modals/edit_orders.php"
in SYSTEMPATH/Exceptions/FrameworkException.php on line 39.
 1 SYSTEMPATH/View/View.php(214): CodeIgniter\Exceptions\FrameworkException::forInvalidFile()
 2 SYSTEMPATH/View/View.php(467): CodeIgniter\View\View->render()
 3 APPPATH/Views/frontend/admin/orders/returns.php(217): CodeIgniter\View\View->include()
 4 SYSTEMPATH/View/View.php(226): include('/home/emoshunal/Documents/mms/app/Views/frontend/admin/orders/returns.php')
 5 SYSTEMPATH/View/View.php(229): CodeIgniter\View\View->CodeIgniter\View\{closure}()
 6 SYSTEMPATH/Common.php(1188): CodeIgniter\View\View->render()
 7 APPPATH/Controllers/UIAdminController.php(38): view()
 8 SYSTEMPATH/CodeIgniter.php(919): App\Controllers\UIAdminController->ui_return()
 9 SYSTEMPATH/CodeIgniter.php(494): CodeIgniter\CodeIgniter->runController()
10 SYSTEMPATH/CodeIgniter.php(353): CodeIgniter\CodeIgniter->handleRequest()
11 FCPATH/index.php(79): CodeIgniter\CodeIgniter->run()
12 SYSTEMPATH/Commands/Server/rewrite.php(47): require_once('/home/emoshunal/Documents/mms/public/index.php')
