CRITICAL - 2023-10-17 14:30:31 --> The framework needs the following extension(s) installed and loaded: intl, mbstring.
in SYSTEMPATH/CodeIgniter.php on line 246.
 1 SYSTEMPATH/CodeIgniter.php(246): CodeIgniter\Exceptions\FrameworkException::forMissingExtension()
 2 SYSTEMPATH/CodeIgniter.php(210): CodeIgniter\CodeIgniter->resolvePlatformExtensions()
 3 ROOTPATH/spark(88): CodeIgniter\CodeIgniter->initialize()
CRITICAL - 2023-10-17 14:30:31 --> Uncaught Error: Class "Locale" not found in /home/emoshunal/Documents/mms/system/I18n/TimeTrait.php:74
Stack trace:
#0 /home/emoshunal/Documents/mms/system/I18n/TimeTrait.php(115): CodeIgniter\I18n\Time->__construct()
#1 /home/emoshunal/Documents/mms/system/HTTP/ResponseTrait.php(468): CodeIgniter\I18n\Time::now()
#2 /home/emoshunal/Documents/mms/system/HTTP/ResponseTrait.php(446): CodeIgniter\HTTP\Response->sendHeaders()
#3 /home/emoshunal/Documents/mms/system/Debug/ExceptionHandler.php(78): CodeIgniter\HTTP\Response->send()
#4 /home/emoshunal/Documents/mms/system/Debug/Exceptions.php(147): CodeIgniter\Debug\ExceptionHandler->handle()
#5 [internal function]: CodeIgniter\Debug\Exceptions->exceptionHandler()
#6 {main}
  thrown
【Previous Exception】
CodeIgniter\Exceptions\FrameworkException
The framework needs the following extension(s) installed and loaded: intl, mbstring.
#0 /home/emoshunal/Documents/mms/system/CodeIgniter.php(246): CodeIgniter\Exceptions\FrameworkException::forMissingExtension()
#1 /home/emoshunal/Documents/mms/system/CodeIgniter.php(210): CodeIgniter\CodeIgniter->resolvePlatformExtensions()
#2 /home/emoshunal/Documents/mms/spark(88): CodeIgniter\CodeIgniter->initialize()
#3 {main}
in SYSTEMPATH/I18n/TimeTrait.php on line 74.
 1 [internal function]: CodeIgniter\Debug\Exceptions->shutdownHandler()
CRITICAL - 2023-10-17 14:31:05 --> The framework needs the following extension(s) installed and loaded: intl, mbstring.
in SYSTEMPATH/CodeIgniter.php on line 246.
 1 SYSTEMPATH/CodeIgniter.php(246): CodeIgniter\Exceptions\FrameworkException::forMissingExtension()
 2 SYSTEMPATH/CodeIgniter.php(210): CodeIgniter\CodeIgniter->resolvePlatformExtensions()
 3 ROOTPATH/spark(88): CodeIgniter\CodeIgniter->initialize()
CRITICAL - 2023-10-17 14:31:05 --> Uncaught Error: Class "Locale" not found in /home/emoshunal/Documents/mms/system/I18n/TimeTrait.php:74
Stack trace:
#0 /home/emoshunal/Documents/mms/system/I18n/TimeTrait.php(115): CodeIgniter\I18n\Time->__construct()
#1 /home/emoshunal/Documents/mms/system/HTTP/ResponseTrait.php(468): CodeIgniter\I18n\Time::now()
#2 /home/emoshunal/Documents/mms/system/HTTP/ResponseTrait.php(446): CodeIgniter\HTTP\Response->sendHeaders()
#3 /home/emoshunal/Documents/mms/system/Debug/ExceptionHandler.php(78): CodeIgniter\HTTP\Response->send()
#4 /home/emoshunal/Documents/mms/system/Debug/Exceptions.php(147): CodeIgniter\Debug\ExceptionHandler->handle()
#5 [internal function]: CodeIgniter\Debug\Exceptions->exceptionHandler()
#6 {main}
  thrown
【Previous Exception】
CodeIgniter\Exceptions\FrameworkException
The framework needs the following extension(s) installed and loaded: intl, mbstring.
#0 /home/emoshunal/Documents/mms/system/CodeIgniter.php(246): CodeIgniter\Exceptions\FrameworkException::forMissingExtension()
#1 /home/emoshunal/Documents/mms/system/CodeIgniter.php(210): CodeIgniter\CodeIgniter->resolvePlatformExtensions()
#2 /home/emoshunal/Documents/mms/spark(88): CodeIgniter\CodeIgniter->initialize()
#3 {main}
in SYSTEMPATH/I18n/TimeTrait.php on line 74.
 1 [internal function]: CodeIgniter\Debug\Exceptions->shutdownHandler()
CRITICAL - 2023-10-17 14:37:08 --> The framework needs the following extension(s) installed and loaded: intl, mbstring.
in SYSTEMPATH/CodeIgniter.php on line 246.
 1 SYSTEMPATH/CodeIgniter.php(246): CodeIgniter\Exceptions\FrameworkException::forMissingExtension()
 2 SYSTEMPATH/CodeIgniter.php(210): CodeIgniter\CodeIgniter->resolvePlatformExtensions()
 3 ROOTPATH/spark(88): CodeIgniter\CodeIgniter->initialize()
CRITICAL - 2023-10-17 14:37:08 --> Uncaught Error: Class "Locale" not found in /home/emoshunal/Documents/mms/system/I18n/TimeTrait.php:74
Stack trace:
#0 /home/emoshunal/Documents/mms/system/I18n/TimeTrait.php(115): CodeIgniter\I18n\Time->__construct()
#1 /home/emoshunal/Documents/mms/system/HTTP/ResponseTrait.php(468): CodeIgniter\I18n\Time::now()
#2 /home/emoshunal/Documents/mms/system/HTTP/ResponseTrait.php(446): CodeIgniter\HTTP\Response->sendHeaders()
#3 /home/emoshunal/Documents/mms/system/Debug/ExceptionHandler.php(78): CodeIgniter\HTTP\Response->send()
#4 /home/emoshunal/Documents/mms/system/Debug/Exceptions.php(147): CodeIgniter\Debug\ExceptionHandler->handle()
#5 [internal function]: CodeIgniter\Debug\Exceptions->exceptionHandler()
#6 {main}
  thrown
【Previous Exception】
CodeIgniter\Exceptions\FrameworkException
The framework needs the following extension(s) installed and loaded: intl, mbstring.
#0 /home/emoshunal/Documents/mms/system/CodeIgniter.php(246): CodeIgniter\Exceptions\FrameworkException::forMissingExtension()
#1 /home/emoshunal/Documents/mms/system/CodeIgniter.php(210): CodeIgniter\CodeIgniter->resolvePlatformExtensions()
#2 /home/emoshunal/Documents/mms/spark(88): CodeIgniter\CodeIgniter->initialize()
#3 {main}
in SYSTEMPATH/I18n/TimeTrait.php on line 74.
 1 [internal function]: CodeIgniter\Debug\Exceptions->shutdownHandler()
CRITICAL - 2023-10-17 14:37:50 --> The framework needs the following extension(s) installed and loaded: intl, mbstring.
in SYSTEMPATH/CodeIgniter.php on line 246.
 1 SYSTEMPATH/CodeIgniter.php(246): CodeIgniter\Exceptions\FrameworkException::forMissingExtension()
 2 SYSTEMPATH/CodeIgniter.php(210): CodeIgniter\CodeIgniter->resolvePlatformExtensions()
 3 ROOTPATH/spark(88): CodeIgniter\CodeIgniter->initialize()
CRITICAL - 2023-10-17 14:37:50 --> Uncaught Error: Class "Locale" not found in /home/emoshunal/Documents/mms/system/I18n/TimeTrait.php:74
Stack trace:
#0 /home/emoshunal/Documents/mms/system/I18n/TimeTrait.php(115): CodeIgniter\I18n\Time->__construct()
#1 /home/emoshunal/Documents/mms/system/HTTP/ResponseTrait.php(468): CodeIgniter\I18n\Time::now()
#2 /home/emoshunal/Documents/mms/system/HTTP/ResponseTrait.php(446): CodeIgniter\HTTP\Response->sendHeaders()
#3 /home/emoshunal/Documents/mms/system/Debug/ExceptionHandler.php(78): CodeIgniter\HTTP\Response->send()
#4 /home/emoshunal/Documents/mms/system/Debug/Exceptions.php(147): CodeIgniter\Debug\ExceptionHandler->handle()
#5 [internal function]: CodeIgniter\Debug\Exceptions->exceptionHandler()
#6 {main}
  thrown
【Previous Exception】
CodeIgniter\Exceptions\FrameworkException
The framework needs the following extension(s) installed and loaded: intl, mbstring.
#0 /home/emoshunal/Documents/mms/system/CodeIgniter.php(246): CodeIgniter\Exceptions\FrameworkException::forMissingExtension()
#1 /home/emoshunal/Documents/mms/system/CodeIgniter.php(210): CodeIgniter\CodeIgniter->resolvePlatformExtensions()
#2 /home/emoshunal/Documents/mms/spark(88): CodeIgniter\CodeIgniter->initialize()
#3 {main}
in SYSTEMPATH/I18n/TimeTrait.php on line 74.
 1 [internal function]: CodeIgniter\Debug\Exceptions->shutdownHandler()
CRITICAL - 2023-10-17 14:42:41 --> The framework needs the following extension(s) installed and loaded: intl, mbstring.
in SYSTEMPATH/CodeIgniter.php on line 246.
 1 SYSTEMPATH/CodeIgniter.php(246): CodeIgniter\Exceptions\FrameworkException::forMissingExtension()
 2 SYSTEMPATH/CodeIgniter.php(210): CodeIgniter\CodeIgniter->resolvePlatformExtensions()
 3 ROOTPATH/spark(88): CodeIgniter\CodeIgniter->initialize()
CRITICAL - 2023-10-17 14:42:41 --> Uncaught Error: Class "Locale" not found in /home/emoshunal/Documents/mms/system/I18n/TimeTrait.php:74
Stack trace:
#0 /home/emoshunal/Documents/mms/system/I18n/TimeTrait.php(115): CodeIgniter\I18n\Time->__construct()
#1 /home/emoshunal/Documents/mms/system/HTTP/ResponseTrait.php(468): CodeIgniter\I18n\Time::now()
#2 /home/emoshunal/Documents/mms/system/HTTP/ResponseTrait.php(446): CodeIgniter\HTTP\Response->sendHeaders()
#3 /home/emoshunal/Documents/mms/system/Debug/ExceptionHandler.php(78): CodeIgniter\HTTP\Response->send()
#4 /home/emoshunal/Documents/mms/system/Debug/Exceptions.php(147): CodeIgniter\Debug\ExceptionHandler->handle()
#5 [internal function]: CodeIgniter\Debug\Exceptions->exceptionHandler()
#6 {main}
  thrown
【Previous Exception】
CodeIgniter\Exceptions\FrameworkException
The framework needs the following extension(s) installed and loaded: intl, mbstring.
#0 /home/emoshunal/Documents/mms/system/CodeIgniter.php(246): CodeIgniter\Exceptions\FrameworkException::forMissingExtension()
#1 /home/emoshunal/Documents/mms/system/CodeIgniter.php(210): CodeIgniter\CodeIgniter->resolvePlatformExtensions()
#2 /home/emoshunal/Documents/mms/spark(88): CodeIgniter\CodeIgniter->initialize()
#3 {main}
in SYSTEMPATH/I18n/TimeTrait.php on line 74.
 1 [internal function]: CodeIgniter\Debug\Exceptions->shutdownHandler()
CRITICAL - 2023-10-17 14:47:13 --> The framework needs the following extension(s) installed and loaded: "mbstring".
in SYSTEMPATH/CodeIgniter.php on line 246.
 1 SYSTEMPATH/CodeIgniter.php(246): CodeIgniter\Exceptions\FrameworkException::forMissingExtension()
 2 SYSTEMPATH/CodeIgniter.php(210): CodeIgniter\CodeIgniter->resolvePlatformExtensions()
 3 ROOTPATH/spark(88): CodeIgniter\CodeIgniter->initialize()
CRITICAL - 2023-10-17 14:48:57 --> The framework needs the following extension(s) installed and loaded: "mbstring".
in SYSTEMPATH/CodeIgniter.php on line 246.
 1 SYSTEMPATH/CodeIgniter.php(246): CodeIgniter\Exceptions\FrameworkException::forMissingExtension()
 2 SYSTEMPATH/CodeIgniter.php(210): CodeIgniter\CodeIgniter->resolvePlatformExtensions()
 3 ROOTPATH/spark(88): CodeIgniter\CodeIgniter->initialize()
CRITICAL - 2023-10-17 14:53:33 --> The framework needs the following extension(s) installed and loaded: "mbstring".
in SYSTEMPATH/CodeIgniter.php on line 246.
 1 SYSTEMPATH/CodeIgniter.php(246): CodeIgniter\Exceptions\FrameworkException::forMissingExtension()
 2 SYSTEMPATH/CodeIgniter.php(210): CodeIgniter\CodeIgniter->resolvePlatformExtensions()
 3 ROOTPATH/spark(88): CodeIgniter\CodeIgniter->initialize()
